<?xml version="1.0" encoding="UTF-8"?>
<testsuite xmlns:xsi="http://www.w3.org/2001/XMLSchema-instance" xsi:noNamespaceSchemaLocation="https://maven.apache.org/surefire/maven-surefire-plugin/xsd/surefire-test-report-3.0.xsd" version="3.0" name="com.weather.AppTest" time="0.062" tests="3" errors="0" skipped="0" failures="0">
  <properties>
[...]
</properties>
  <testcase name="testGetAdviceCold" classname="com.weather.AppTest" time="0.031"/>
  <testcase name="testGetAdviceCool" classname="com.weather.AppTest" time="0.001"/>
  <testcase name="testGetAdviceWarm" classname="com.weather.AppTest" time="0.001"/>
</testsuite>